d:\3-2\네트워크 게임 프로그래밍\termproject\its_mine_client\its_mine_client\x64\debug\its_mine_client.pch
d:\3-2\네트워크 게임 프로그래밍\termproject\its_mine_client\its_mine_client\x64\debug\vc141.pdb
d:\3-2\네트워크 게임 프로그래밍\termproject\its_mine_client\its_mine_client\x64\debug\vc141.idb
d:\3-2\네트워크 게임 프로그래밍\termproject\its_mine_client\its_mine_client\x64\debug\stdafx.obj
d:\3-2\네트워크 게임 프로그래밍\termproject\its_mine_client\its_mine_client\x64\debug\scnmgr.obj
d:\3-2\네트워크 게임 프로그래밍\termproject\its_mine_client\its_mine_client\x64\debug\renderer.obj
d:\3-2\네트워크 게임 프로그래밍\termproject\its_mine_client\its_mine_client\x64\debug\object.obj
d:\3-2\네트워크 게임 프로그래밍\termproject\its_mine_client\its_mine_client\x64\debug\loadpng.obj
d:\3-2\네트워크 게임 프로그래밍\termproject\its_mine_client\its_mine_client\x64\debug\its_mine_client.obj
d:\3-2\네트워크 게임 프로그래밍\termproject\its_mine_client\x64\debug\its_mine_client.ilk
d:\3-2\네트워크 게임 프로그래밍\termproject\its_mine_client\x64\debug\its_mine_client.exe
d:\3-2\네트워크 게임 프로그래밍\termproject\its_mine_client\x64\debug\its_mine_client.pdb
d:\3-2\네트워크 게임 프로그래밍\termproject\its_mine_client\its_mine_client\x64\debug\simplegame.obj
d:\3-2\네트워크 게임 프로그래밍\termproject\its_mine_client\its_mine_client\x64\debug\simplegame.pch
d:\3-2\네트워크 게임 프로그래밍\termproject\its_mine_client\its_mine_client\x64\debug\its_mine_client.tlog\cl.command.1.tlog
d:\3-2\네트워크 게임 프로그래밍\termproject\its_mine_client\its_mine_client\x64\debug\its_mine_client.tlog\cl.read.1.tlog
d:\3-2\네트워크 게임 프로그래밍\termproject\its_mine_client\its_mine_client\x64\debug\its_mine_client.tlog\cl.write.1.tlog
d:\3-2\네트워크 게임 프로그래밍\termproject\its_mine_client\its_mine_client\x64\debug\its_mine_client.tlog\link.command.1.tlog
d:\3-2\네트워크 게임 프로그래밍\termproject\its_mine_client\its_mine_client\x64\debug\its_mine_client.tlog\link.read.1.tlog
d:\3-2\네트워크 게임 프로그래밍\termproject\its_mine_client\its_mine_client\x64\debug\its_mine_client.tlog\link.write.1.tlog
